2022-05-30 19:36:13 "C:\Users\Administrator\Desktop\Project\5.5\WorkShop\LBD_VideoMeeting_Meeting\Release\MediasoupWebSocket.exe"  "192.168.110.122"  "3334"   "LBD_VideoMeeting_Meeting" "10947308"  
2022-05-30 19:36:16 wss://192.168.110.122:3334/?roomId=LBD_VideoMeeting_Meeting&peerId=HZay7m7w
2022-05-30 19:36:16 load certificate error.
2022-05-30 19:36:21 load certificate error.
2022-05-30 19:36:21 重连...
2022-05-30 19:36:21 "C:\Users\Administrator\Desktop\Project\5.5\WorkShop\LBD_VideoMeeting_Meeting\Release\MediasoupWebSocket.exe"  "192.168.110.122"  "3334"   "LBD_VideoMeeting_Meeting" "10947308"  
2022-05-30 19:36:21 wss://192.168.110.122:3334/?roomId=LBD_VideoMeeting_Meeting&peerId=XhhBUv8Y
2022-05-30 19:36:21 load certificate error.
2022-05-30 19:36:25 load certificate error.
2022-05-30 19:36:25 重连...
2022-05-30 19:36:26 "C:\Users\Administrator\Desktop\Project\5.5\WorkShop\LBD_VideoMeeting_Meeting\Release\MediasoupWebSocket.exe"  "192.168.110.122"  "3334"   "LBD_VideoMeeting_Meeting" "10947308"  
2022-05-30 19:36:26 wss://192.168.110.122:3334/?roomId=LBD_VideoMeeting_Meeting&peerId=e3o7dFCT
2022-05-30 19:36:26 load certificate error.
2022-05-30 19:36:28 load certificate error.
2022-05-30 19:36:28 重连...
2022-05-30 19:36:28 "C:\Users\Administrator\Desktop\Project\5.5\WorkShop\LBD_VideoMeeting_Meeting\Release\MediasoupWebSocket.exe"  "192.168.110.122"  "3334"   "LBD_VideoMeeting_Meeting" "10947308"  
2022-05-30 19:36:28 wss://192.168.110.122:3334/?roomId=LBD_VideoMeeting_Meeting&peerId=kf8kqk1Z
2022-05-30 19:36:28 load certificate error.
2022-05-30 19:45:04 "C:\Users\Administrator\Desktop\Project\5.5\WorkShop\LBD_VideoMeeting_Meeting\Release\MediasoupWebSocket.exe"  "192.168.110.122"  "3334"   "LBD_VideoMeeting_Meeting" "5114880"  
2022-05-30 19:45:09 wss://192.168.110.122:3334/?roomId=LBD_VideoMeeting_Meeting&peerId=LhdCtxmb
2022-05-30 19:45:09 load certificate error.
2022-05-30 19:45:11 load certificate error.
2022-05-30 19:45:11 重连...
2022-05-30 19:45:11 "C:\Users\Administrator\Desktop\Project\5.5\WorkShop\LBD_VideoMeeting_Meeting\Release\MediasoupWebSocket.exe"  "192.168.110.122"  "3334"   "LBD_VideoMeeting_Meeting" "5114880"  
2022-05-30 19:45:11 wss://192.168.110.122:3334/?roomId=LBD_VideoMeeting_Meeting&peerId=S0YPccfK
2022-05-30 19:45:11 load certificate error.
2022-05-30 19:45:13 load certificate error.
2022-05-30 19:45:13 重连...
2022-05-30 19:45:13 "C:\Users\Administrator\Desktop\Project\5.5\WorkShop\LBD_VideoMeeting_Meeting\Release\MediasoupWebSocket.exe"  "192.168.110.122"  "3334"   "LBD_VideoMeeting_Meeting" "5114880"  
2022-05-30 19:45:13 wss://192.168.110.122:3334/?roomId=LBD_VideoMeeting_Meeting&peerId=YdIyqmEk
2022-05-30 19:45:13 load certificate error.
2022-05-30 19:45:16 load certificate error.
2022-05-30 19:45:16 重连...
2022-05-30 19:45:16 "C:\Users\Administrator\Desktop\Project\5.5\WorkShop\LBD_VideoMeeting_Meeting\Release\MediasoupWebSocket.exe"  "192.168.110.122"  "3334"   "LBD_VideoMeeting_Meeting" "5114880"  
2022-05-30 19:45:16 wss://192.168.110.122:3334/?roomId=LBD_VideoMeeting_Meeting&peerId=8M5SZmfc
2022-05-30 19:45:16 load certificate error.
2022-05-30 19:45:18 load certificate error.
2022-05-30 19:45:18 重连...
2022-05-30 19:45:18 "C:\Users\Administrator\Desktop\Project\5.5\WorkShop\LBD_VideoMeeting_Meeting\Release\MediasoupWebSocket.exe"  "192.168.110.122"  "3334"   "LBD_VideoMeeting_Meeting" "5114880"  
2022-05-30 19:45:18 wss://192.168.110.122:3334/?roomId=LBD_VideoMeeting_Meeting&peerId=fZP4c1EL
2022-05-30 19:45:18 load certificate error.
2022-05-30 19:45:20 load certificate error.
2022-05-30 19:45:20 重连...
2022-05-30 19:45:20 "C:\Users\Administrator\Desktop\Project\5.5\WorkShop\LBD_VideoMeeting_Meeting\Release\MediasoupWebSocket.exe"  "192.168.110.122"  "3334"   "LBD_VideoMeeting_Meeting" "5114880"  
2022-05-30 19:45:20 wss://192.168.110.122:3334/?roomId=LBD_VideoMeeting_Meeting&peerId=lIzNWb3l
2022-05-30 19:45:20 load certificate error.
2022-05-30 19:45:23 load certificate error.
2022-05-30 19:45:23 重连...
2022-05-30 19:45:23 "C:\Users\Administrator\Desktop\Project\5.5\WorkShop\LBD_VideoMeeting_Meeting\Release\MediasoupWebSocket.exe"  "192.168.110.122"  "3334"   "LBD_VideoMeeting_Meeting" "5114880"  
2022-05-30 19:45:23 wss://192.168.110.122:3334/?roomId=LBD_VideoMeeting_Meeting&peerId=vhW7vb8H
2022-05-30 19:45:23 load certificate error.
2022-05-30 19:45:25 load certificate error.
2022-05-30 19:45:25 重连...
2022-05-30 19:45:25 "C:\Users\Administrator\Desktop\Project\5.5\WorkShop\LBD_VideoMeeting_Meeting\Release\MediasoupWebSocket.exe"  "192.168.110.122"  "3334"   "LBD_VideoMeeting_Meeting" "5114880"  
2022-05-30 19:45:25 wss://192.168.110.122:3334/?roomId=LBD_VideoMeeting_Meeting&peerId=CuGjIQxg
2022-05-30 19:45:25 load certificate error.
2022-05-30 19:45:27 load certificate error.
2022-05-30 19:45:27 重连...
2022-05-30 19:45:27 "C:\Users\Administrator\Desktop\Project\5.5\WorkShop\LBD_VideoMeeting_Meeting\Release\MediasoupWebSocket.exe"  "192.168.110.122"  "3334"   "LBD_VideoMeeting_Meeting" "5114880"  
2022-05-30 19:45:27 wss://192.168.110.122:3334/?roomId=LBD_VideoMeeting_Meeting&peerId=IHq2WwWm
2022-05-30 19:45:27 load certificate error.
2022-05-30 19:45:30 load certificate error.
2022-05-30 19:45:30 重连...
2022-05-30 19:45:30 "C:\Users\Administrator\Desktop\Project\5.5\WorkShop\LBD_VideoMeeting_Meeting\Release\MediasoupWebSocket.exe"  "192.168.110.122"  "3334"   "LBD_VideoMeeting_Meeting" "5114880"  
2022-05-30 19:45:30 wss://192.168.110.122:3334/?roomId=LBD_VideoMeeting_Meeting&peerId=SgjQ10xI
2022-05-30 19:45:30 load certificate error.
2022-05-30 19:45:32 load certificate error.
2022-05-30 19:45:32 重连...
2022-05-30 19:45:34 load certificate error.
2022-05-30 19:45:34 重连...
2022-05-30 19:45:37 load certificate error.
2022-05-30 19:45:37 重连...
2022-05-30 19:45:39 load certificate error.
2022-05-30 19:45:39 重连...
2022-05-30 19:45:42 load certificate error.
2022-05-30 19:45:42 重连...
2022-05-30 19:45:44 load certificate error.
2022-05-30 19:45:44 重连...
2022-05-30 19:45:47 load certificate error.
2022-05-30 19:45:47 重连...
2022-05-30 19:45:49 load certificate error.
2022-05-30 19:45:49 重连...
2022-05-30 19:45:52 load certificate error.
2022-05-30 19:45:52 重连...
2022-05-30 19:45:54 load certificate error.
2022-05-30 19:45:54 重连...
2022-05-30 19:45:57 load certificate error.
2022-05-30 19:45:57 重连...
2022-05-30 19:45:59 load certificate error.
2022-05-30 19:45:59 重连...
2022-05-30 19:46:02 load certificate error.
2022-05-30 19:46:02 重连...
2022-05-30 19:46:04 load certificate error.
2022-05-30 19:46:04 重连...
2022-05-30 19:46:07 load certificate error.
2022-05-30 19:46:07 重连...
2022-05-30 19:46:09 load certificate error.
2022-05-30 19:46:09 重连...
2022-05-30 19:46:12 load certificate error.
2022-05-30 19:46:12 重连...
2022-05-30 19:46:14 load certificate error.
2022-05-30 19:46:14 重连...
2022-05-30 19:46:17 load certificate error.
2022-05-30 19:46:17 重连...
2022-05-30 19:46:19 load certificate error.
2022-05-30 19:46:19 重连...
2022-05-30 19:46:22 load certificate error.
2022-05-30 19:46:22 重连...
2022-05-30 19:46:24 load certificate error.
2022-05-30 19:46:24 重连...
2022-05-30 19:46:27 load certificate error.
2022-05-30 19:46:27 重连...
2022-05-30 19:46:29 load certificate error.
2022-05-30 19:46:29 重连...
2022-05-30 19:46:32 load certificate error.
2022-05-30 19:46:32 重连...
2022-05-30 19:46:34 load certificate error.
2022-05-30 19:46:34 重连...
2022-05-30 19:46:37 load certificate error.
2022-05-30 19:46:37 重连...
2022-05-30 19:46:39 load certificate error.
2022-05-30 19:46:39 重连...
2022-05-30 19:46:42 load certificate error.
2022-05-30 19:46:42 重连...
2022-05-30 19:46:44 load certificate error.
2022-05-30 19:46:44 重连...
2022-05-30 19:46:47 load certificate error.
2022-05-30 19:46:47 重连...
2022-05-30 19:46:49 load certificate error.
2022-05-30 19:46:49 重连...
2022-05-30 19:46:51 load certificate error.
2022-05-30 19:46:51 重连...
2022-05-30 19:46:54 load certificate error.
2022-05-30 19:46:54 重连...
2022-05-30 19:46:56 load certificate error.
2022-05-30 19:46:56 重连...
2022-05-30 19:46:59 load certificate error.
2022-05-30 19:46:59 重连...
2022-05-30 19:47:01 load certificate error.
2022-05-30 19:47:01 重连...
2022-05-30 19:47:04 load certificate error.
2022-05-30 19:47:04 重连...
2022-05-30 19:47:06 load certificate error.
2022-05-30 19:47:06 重连...
2022-05-30 19:47:09 load certificate error.
2022-05-30 19:47:09 重连...
2022-05-30 19:47:11 load certificate error.
2022-05-30 19:47:11 重连...
2022-05-30 19:47:14 load certificate error.
2022-05-30 19:47:14 重连...
2022-05-30 19:47:16 load certificate error.
2022-05-30 19:47:16 重连...
2022-05-30 19:47:19 load certificate error.
2022-05-30 19:47:19 重连...
2022-05-30 19:47:21 load certificate error.
2022-05-30 19:47:21 重连...
2022-05-30 19:47:24 load certificate error.
2022-05-30 19:47:24 重连...
2022-05-30 19:47:26 load certificate error.
2022-05-30 19:47:26 重连...
2022-05-30 19:47:29 load certificate error.
2022-05-30 19:47:29 重连...
2022-05-30 19:47:31 load certificate error.
2022-05-30 19:47:31 重连...
2022-05-30 19:47:33 load certificate error.
2022-05-30 19:47:33 重连...
2022-05-30 19:47:36 load certificate error.
2022-05-30 19:47:36 重连...
2022-05-30 19:47:38 load certificate error.
2022-05-30 19:47:38 重连...
2022-05-30 19:47:41 load certificate error.
2022-05-30 19:47:41 重连...
2022-05-30 19:47:43 load certificate error.
2022-05-30 19:47:43 重连...
2022-05-30 19:47:46 load certificate error.
2022-05-30 19:47:46 重连...
2022-05-30 19:47:48 load certificate error.
2022-05-30 19:47:48 重连...
2022-05-30 19:47:51 load certificate error.
2022-05-30 19:47:51 重连...
2022-05-30 19:47:53 load certificate error.
2022-05-30 19:47:53 重连...
2022-05-30 19:47:56 load certificate error.
2022-05-30 19:47:56 重连...
2022-05-30 19:47:58 load certificate error.
2022-05-30 19:47:58 重连...
2022-05-30 19:48:01 load certificate error.
2022-05-30 19:48:01 重连...
2022-05-30 19:48:03 load certificate error.
2022-05-30 19:48:03 重连...
2022-05-30 19:48:06 load certificate error.
2022-05-30 19:48:06 重连...
2022-05-30 19:48:08 load certificate error.
2022-05-30 19:48:08 重连...
2022-05-30 19:48:11 load certificate error.
2022-05-30 19:48:11 重连...
2022-05-30 19:48:13 load certificate error.
2022-05-30 19:48:13 重连...
2022-05-30 19:48:16 load certificate error.
2022-05-30 19:48:16 重连...
2022-05-30 19:48:18 load certificate error.
2022-05-30 19:48:18 重连...
2022-05-30 19:48:21 load certificate error.
2022-05-30 19:48:21 重连...
2022-05-30 19:48:23 load certificate error.
2022-05-30 19:48:23 重连...
2022-05-30 19:48:26 load certificate error.
2022-05-30 19:48:26 重连...
2022-05-30 19:48:28 load certificate error.
2022-05-30 19:48:28 重连...
2022-05-30 19:48:31 load certificate error.
2022-05-30 19:48:31 重连...
2022-05-30 19:48:33 load certificate error.
2022-05-30 19:48:33 重连...
2022-05-30 19:48:35 load certificate error.
2022-05-30 19:48:35 重连...
2022-05-30 19:48:38 load certificate error.
2022-05-30 19:48:38 重连...
2022-05-30 19:48:41 load certificate error.
2022-05-30 19:48:41 重连...
2022-05-30 19:48:43 load certificate error.
2022-05-30 19:48:43 重连...
2022-05-30 19:48:45 load certificate error.
2022-05-30 19:48:45 重连...
2022-05-30 19:48:48 load certificate error.
2022-05-30 19:48:48 重连...
2022-05-30 19:48:50 load certificate error.
2022-05-30 19:48:50 重连...
2022-05-30 19:48:53 load certificate error.
2022-05-30 19:48:53 重连...
2022-05-30 19:48:55 load certificate error.
2022-05-30 19:48:55 重连...
2022-05-30 19:48:58 load certificate error.
2022-05-30 19:48:58 重连...
2022-05-30 19:49:00 load certificate error.
2022-05-30 19:49:00 重连...
2022-05-30 19:49:03 load certificate error.
2022-05-30 19:49:03 重连...
2022-05-30 19:49:05 load certificate error.
2022-05-30 19:49:05 重连...
2022-05-30 19:49:08 load certificate error.
2022-05-30 19:49:08 重连...
2022-05-30 19:49:10 load certificate error.
2022-05-30 19:49:10 重连...
2022-05-30 19:49:13 load certificate error.
2022-05-30 19:49:13 重连...
2022-05-30 19:49:15 load certificate error.
2022-05-30 19:49:15 重连...
2022-05-30 19:49:18 load certificate error.
2022-05-30 19:49:18 重连...
2022-05-30 19:49:20 load certificate error.
2022-05-30 19:49:20 重连...
2022-05-30 19:49:22 load certificate error.
2022-05-30 19:49:22 重连...
2022-05-30 19:49:25 load certificate error.
2022-05-30 19:49:25 重连...
2022-05-30 19:49:27 load certificate error.
2022-05-30 19:49:27 重连...
2022-05-30 19:49:30 load certificate error.
2022-05-30 19:49:30 重连...
2022-05-30 19:49:32 load certificate error.
2022-05-30 19:49:32 重连...
2022-05-30 19:49:35 load certificate error.
2022-05-30 19:49:35 重连...
2022-05-30 19:49:37 load certificate error.
2022-05-30 19:49:37 重连...
2022-05-30 19:49:40 load certificate error.
2022-05-30 19:49:40 重连...
2022-05-30 19:49:42 load certificate error.
2022-05-30 19:49:42 重连...
2022-05-30 19:49:45 load certificate error.
2022-05-30 19:49:45 重连...
2022-05-30 19:49:47 load certificate error.
2022-05-30 19:49:47 重连...
2022-05-30 19:49:50 load certificate error.
2022-05-30 19:49:50 重连...
2022-05-30 19:49:52 load certificate error.
2022-05-30 19:49:52 重连...
2022-05-30 19:49:55 load certificate error.
2022-05-30 19:49:55 重连...
2022-05-30 19:49:57 load certificate error.
2022-05-30 19:49:57 重连...
2022-05-30 19:50:00 load certificate error.
2022-05-30 19:50:00 重连...
2022-05-30 19:50:02 load certificate error.
2022-05-30 19:50:02 重连...
2022-05-30 19:50:05 load certificate error.
2022-05-30 19:50:05 重连...
2022-05-30 19:50:07 load certificate error.
2022-05-30 19:50:07 重连...
2022-05-30 19:50:09 load certificate error.
2022-05-30 19:50:09 重连...
2022-05-30 19:50:12 load certificate error.
2022-05-30 19:50:12 重连...
2022-05-30 19:50:14 load certificate error.
2022-05-30 19:50:15 重连...
2022-05-30 19:50:17 load certificate error.
2022-05-30 19:50:17 重连...
2022-05-30 19:50:19 load certificate error.
2022-05-30 19:50:19 重连...
2022-05-30 19:50:22 load certificate error.
2022-05-30 19:50:22 重连...
2022-05-30 19:50:24 load certificate error.
2022-05-30 19:50:24 重连...
2022-05-30 19:50:27 load certificate error.
2022-05-30 19:50:27 重连...
2022-05-30 19:50:29 load certificate error.
2022-05-30 19:50:29 重连...
2022-05-30 19:50:32 load certificate error.
2022-05-30 19:50:32 重连...
2022-05-30 19:50:34 load certificate error.
2022-05-30 19:50:34 重连...
2022-05-30 19:50:37 load certificate error.
2022-05-30 19:50:37 重连...
2022-05-30 19:50:39 load certificate error.
2022-05-30 19:50:39 重连...
2022-05-30 19:50:42 load certificate error.
2022-05-30 19:50:42 重连...
2022-05-30 19:50:44 load certificate error.
2022-05-30 19:50:44 重连...
2022-05-30 19:50:47 load certificate error.
2022-05-30 19:50:47 重连...
2022-05-30 19:50:49 load certificate error.
2022-05-30 19:50:49 重连...
2022-05-30 19:50:52 load certificate error.
2022-05-30 19:50:52 重连...
2022-05-30 19:50:54 load certificate error.
2022-05-30 19:50:54 重连...
2022-05-30 19:50:56 load certificate error.
2022-05-30 19:50:56 重连...
2022-05-30 19:50:59 load certificate error.
2022-05-30 19:50:59 重连...
2022-05-30 19:51:01 load certificate error.
2022-05-30 19:51:01 重连...
2022-05-30 19:51:04 load certificate error.
2022-05-30 19:51:04 重连...
2022-05-30 19:51:06 load certificate error.
2022-05-30 19:51:06 重连...
2022-05-30 19:51:09 load certificate error.
2022-05-30 19:51:09 重连...
2022-05-30 19:51:11 load certificate error.
2022-05-30 19:51:11 重连...
2022-05-30 19:51:14 load certificate error.
2022-05-30 19:51:14 重连...
2022-05-30 19:51:16 load certificate error.
2022-05-30 19:51:16 重连...
2022-05-30 19:51:19 load certificate error.
2022-05-30 19:51:19 重连...
2022-05-30 19:51:21 load certificate error.
2022-05-30 19:51:21 重连...
2022-05-30 19:51:24 load certificate error.
2022-05-30 19:51:24 重连...
2022-05-30 19:51:26 load certificate error.
2022-05-30 19:51:26 重连...
2022-05-30 19:51:29 load certificate error.
2022-05-30 19:51:29 重连...
2022-05-30 19:51:31 load certificate error.
2022-05-30 19:51:31 重连...
2022-05-30 19:51:34 load certificate error.
2022-05-30 19:51:34 重连...
2022-05-30 19:51:36 load certificate error.
2022-05-30 19:51:36 重连...
2022-05-30 19:51:39 load certificate error.
2022-05-30 19:51:39 重连...
2022-05-30 19:51:41 load certificate error.
2022-05-30 19:51:41 重连...
2022-05-30 19:51:43 load certificate error.
2022-05-30 19:51:43 重连...
2022-05-30 19:51:46 load certificate error.
2022-05-30 19:51:46 重连...
2022-05-30 19:51:48 load certificate error.
2022-05-30 19:51:48 重连...
2022-05-30 19:51:51 load certificate error.
2022-05-30 19:51:51 重连...
2022-05-30 19:51:53 load certificate error.
2022-05-30 19:51:53 重连...
2022-05-30 19:51:56 load certificate error.
2022-05-30 19:51:56 重连...
2022-05-30 19:51:58 load certificate error.
2022-05-30 19:51:58 重连...
2022-05-30 19:52:01 load certificate error.
2022-05-30 19:52:01 重连...
2022-05-30 19:52:03 load certificate error.
2022-05-30 19:52:03 重连...
2022-05-30 19:52:06 load certificate error.
2022-05-30 19:52:06 重连...
2022-05-30 19:52:08 load certificate error.
2022-05-30 19:52:08 重连...
2022-05-30 19:52:11 load certificate error.
2022-05-30 19:52:11 重连...
2022-05-30 19:52:13 load certificate error.
2022-05-30 19:52:13 重连...
2022-05-30 19:52:16 load certificate error.
2022-05-30 19:52:16 重连...
2022-05-30 19:52:18 load certificate error.
2022-05-30 19:52:18 重连...
2022-05-30 19:52:21 load certificate error.
2022-05-30 19:52:21 重连...
2022-05-30 19:52:23 load certificate error.
2022-05-30 19:52:23 重连...
2022-05-30 19:52:26 load certificate error.
2022-05-30 19:52:26 重连...
2022-05-30 19:52:28 load certificate error.
2022-05-30 19:52:28 重连...
2022-05-30 19:52:31 load certificate error.
2022-05-30 19:52:31 重连...
2022-05-30 19:52:33 load certificate error.
2022-05-30 19:52:33 重连...
2022-05-30 19:52:35 load certificate error.
2022-05-30 19:52:35 重连...
2022-05-30 19:52:38 load certificate error.
2022-05-30 19:52:38 重连...
2022-05-30 19:52:40 load certificate error.
2022-05-30 19:52:40 重连...
2022-05-30 19:52:43 load certificate error.
2022-05-30 19:52:43 重连...
2022-05-30 19:52:45 load certificate error.
2022-05-30 19:52:45 重连...
2022-05-30 19:52:48 load certificate error.
2022-05-30 19:52:48 重连...
2022-05-30 19:52:50 load certificate error.
2022-05-30 19:52:50 重连...
2022-05-30 19:52:53 load certificate error.
2022-05-30 19:52:53 重连...
2022-05-30 19:52:55 load certificate error.
2022-05-30 19:52:55 重连...
2022-05-30 19:52:58 load certificate error.
2022-05-30 19:52:58 重连...
2022-05-30 19:53:00 load certificate error.
2022-05-30 19:53:00 重连...
2022-05-30 19:53:03 load certificate error.
2022-05-30 19:53:03 重连...
2022-05-30 19:53:05 load certificate error.
2022-05-30 19:53:05 重连...
2022-05-30 19:53:08 load certificate error.
2022-05-30 19:53:08 重连...
2022-05-30 19:53:10 load certificate error.
2022-05-30 19:53:10 重连...
2022-05-30 19:53:12 load certificate error.
2022-05-30 19:53:12 重连...
2022-05-30 19:53:15 load certificate error.
2022-05-30 19:53:15 重连...
2022-05-30 19:53:17 load certificate error.
2022-05-30 19:53:17 重连...
2022-05-30 19:53:20 load certificate error.
2022-05-30 19:53:20 重连...
2022-05-30 19:53:22 load certificate error.
2022-05-30 19:53:22 重连...
2022-05-30 19:53:25 load certificate error.
2022-05-30 19:53:25 重连...
2022-05-30 19:53:27 load certificate error.
2022-05-30 19:53:27 重连...
2022-05-30 19:53:30 load certificate error.
2022-05-30 19:53:30 重连...
2022-05-30 19:53:32 load certificate error.
2022-05-30 19:53:32 重连...
2022-05-30 19:53:35 load certificate error.
2022-05-30 19:53:35 重连...
2022-05-30 19:53:37 load certificate error.
2022-05-30 19:53:37 重连...
2022-05-30 19:53:40 load certificate error.
2022-05-30 19:53:40 重连...
2022-05-30 19:53:42 load certificate error.
2022-05-30 19:53:42 重连...
2022-05-30 19:53:45 load certificate error.
2022-05-30 19:53:45 重连...
2022-05-30 19:53:47 load certificate error.
2022-05-30 19:53:47 重连...
2022-05-30 19:53:50 load certificate error.
2022-05-30 19:53:50 重连...
2022-05-30 19:53:52 load certificate error.
2022-05-30 19:53:52 重连...
2022-05-30 19:53:55 load certificate error.
2022-05-30 19:53:55 重连...
2022-05-30 19:53:57 load certificate error.
2022-05-30 19:53:57 重连...
2022-05-30 19:53:59 load certificate error.
2022-05-30 19:53:59 重连...
2022-05-30 19:54:02 load certificate error.
2022-05-30 19:54:02 重连...
2022-05-30 19:54:04 load certificate error.
2022-05-30 19:54:04 重连...
2022-05-30 19:54:07 load certificate error.
2022-05-30 19:54:07 重连...
2022-05-30 19:54:09 load certificate error.
2022-05-30 19:54:09 重连...
2022-05-30 19:54:12 load certificate error.
2022-05-30 19:54:12 重连...
2022-05-30 19:54:14 load certificate error.
2022-05-30 19:54:14 重连...
2022-05-30 19:54:17 load certificate error.
2022-05-30 19:54:17 重连...
2022-05-30 19:54:19 load certificate error.
2022-05-30 19:54:19 重连...
2022-05-30 19:54:22 load certificate error.
2022-05-30 19:54:22 重连...
2022-05-30 19:54:24 load certificate error.
2022-05-30 19:54:24 重连...
2022-05-30 19:54:27 load certificate error.
2022-05-30 19:54:27 重连...
2022-05-30 19:54:29 load certificate error.
2022-05-30 19:54:29 重连...
2022-05-30 19:54:32 load certificate error.
2022-05-30 19:54:32 重连...
2022-05-30 19:54:34 load certificate error.
2022-05-30 19:54:34 重连...
2022-05-30 19:54:37 load certificate error.
2022-05-30 19:54:37 重连...
2022-05-30 19:54:39 load certificate error.
2022-05-30 19:54:39 重连...
2022-05-30 19:54:42 load certificate error.
2022-05-30 19:54:42 重连...
2022-05-30 19:54:44 load certificate error.
2022-05-30 19:54:44 重连...
2022-05-30 19:54:47 load certificate error.
2022-05-30 19:54:47 重连...
2022-05-30 19:54:49 load certificate error.
2022-05-30 19:54:49 重连...
2022-05-30 19:54:52 load certificate error.
2022-05-30 19:54:52 重连...
2022-05-30 19:54:54 load certificate error.
2022-05-30 19:54:54 重连...
2022-05-30 19:54:56 load certificate error.
2022-05-30 19:54:56 重连...
2022-05-30 19:54:59 load certificate error.
2022-05-30 19:54:59 重连...
2022-05-30 19:55:01 load certificate error.
2022-05-30 19:55:01 重连...
2022-05-30 19:55:04 load certificate error.
2022-05-30 19:55:04 重连...
2022-05-30 19:55:06 load certificate error.
2022-05-30 19:55:06 重连...
2022-05-30 19:55:09 load certificate error.
2022-05-30 19:55:09 重连...
2022-05-30 19:55:11 load certificate error.
2022-05-30 19:55:11 重连...
2022-05-30 19:55:14 load certificate error.
2022-05-30 19:55:14 重连...
2022-05-30 19:55:16 load certificate error.
2022-05-30 19:55:16 重连...
2022-05-30 19:55:19 load certificate error.
2022-05-30 19:55:19 重连...
2022-05-30 19:55:21 load certificate error.
2022-05-30 19:55:21 重连...
2022-05-30 19:55:24 load certificate error.
2022-05-30 19:55:24 重连...
2022-05-30 19:55:26 load certificate error.
2022-05-30 19:55:26 重连...
2022-05-30 19:55:29 load certificate error.
2022-05-30 19:55:29 重连...
2022-05-30 19:55:31 load certificate error.
2022-05-30 19:55:31 重连...
2022-05-30 19:55:34 load certificate error.
2022-05-30 19:55:34 重连...
2022-05-30 19:55:36 load certificate error.
2022-05-30 19:55:36 重连...
2022-05-30 19:55:39 load certificate error.
2022-05-30 19:55:39 重连...
2022-05-30 19:55:41 load certificate error.
2022-05-30 19:55:41 重连...
2022-05-30 19:55:44 load certificate error.
2022-05-30 19:55:44 重连...
2022-05-30 19:55:46 load certificate error.
2022-05-30 19:55:46 重连...
2022-05-30 19:55:49 load certificate error.
2022-05-30 19:55:49 重连...
2022-05-30 19:55:51 load certificate error.
2022-05-30 19:55:51 重连...
2022-05-30 19:55:54 load certificate error.
2022-05-30 19:55:54 重连...
2022-05-30 19:55:56 load certificate error.
2022-05-30 19:55:56 重连...
2022-05-30 19:55:59 load certificate error.
2022-05-30 19:55:59 重连...
2022-05-30 19:56:01 load certificate error.
2022-05-30 19:56:01 重连...
2022-05-30 19:56:04 load certificate error.
2022-05-30 19:56:04 重连...
2022-05-30 19:56:06 load certificate error.
2022-05-30 19:56:06 重连...
2022-05-30 19:56:09 load certificate error.
2022-05-30 19:56:09 重连...
2022-05-30 19:56:11 load certificate error.
2022-05-30 19:56:11 重连...
2022-05-30 19:56:13 load certificate error.
2022-05-30 19:56:13 重连...
2022-05-30 19:56:16 load certificate error.
2022-05-30 19:56:16 重连...
2022-05-30 19:56:18 load certificate error.
2022-05-30 19:56:18 重连...
2022-05-30 19:56:21 load certificate error.
2022-05-30 19:56:21 重连...
2022-05-30 19:56:23 load certificate error.
2022-05-30 19:56:23 重连...
2022-05-30 19:56:26 load certificate error.
2022-05-30 19:56:26 重连...
2022-05-30 19:56:28 load certificate error.
2022-05-30 19:56:28 重连...
2022-05-30 19:56:31 load certificate error.
2022-05-30 19:56:31 重连...
2022-05-30 19:56:33 load certificate error.
2022-05-30 19:56:33 重连...
2022-05-30 19:56:36 load certificate error.
2022-05-30 19:56:36 重连...
2022-05-30 19:56:38 load certificate error.
2022-05-30 19:56:38 重连...
2022-05-30 19:56:41 load certificate error.
2022-05-30 19:56:41 重连...
2022-05-30 19:56:43 load certificate error.
2022-05-30 19:56:43 重连...
2022-05-30 19:56:46 load certificate error.
2022-05-30 19:56:46 重连...
2022-05-30 19:56:48 load certificate error.
2022-05-30 19:56:48 重连...
2022-05-30 19:56:51 load certificate error.
2022-05-30 19:56:51 重连...
2022-05-30 19:56:53 load certificate error.
2022-05-30 19:56:53 重连...
2022-05-30 19:56:56 load certificate error.
2022-05-30 19:56:56 重连...
2022-05-30 19:56:58 load certificate error.
2022-05-30 19:56:58 重连...
2022-05-30 19:57:01 load certificate error.
2022-05-30 19:57:01 重连...
2022-05-30 19:57:03 load certificate error.
2022-05-30 19:57:03 重连...
2022-05-30 19:57:06 load certificate error.
2022-05-30 19:57:06 重连...
2022-05-30 19:57:08 load certificate error.
2022-05-30 19:57:08 重连...
2022-05-30 19:57:11 load certificate error.
2022-05-30 19:57:11 重连...
2022-05-30 19:57:13 load certificate error.
2022-05-30 19:57:13 重连...
2022-05-30 19:57:16 load certificate error.
2022-05-30 19:57:16 重连...
2022-05-30 19:57:18 load certificate error.
2022-05-30 19:57:18 重连...
2022-05-30 19:57:21 load certificate error.
2022-05-30 19:57:21 重连...
2022-05-30 19:57:23 load certificate error.
2022-05-30 19:57:23 重连...
2022-05-30 19:57:26 load certificate error.
2022-05-30 19:57:26 重连...
2022-05-30 19:57:28 load certificate error.
2022-05-30 19:57:28 重连...
2022-05-30 19:57:31 load certificate error.
2022-05-30 19:57:31 重连...
2022-05-30 19:57:33 load certificate error.
2022-05-30 19:57:33 重连...
2022-05-30 19:57:36 load certificate error.
2022-05-30 19:57:36 重连...
2022-05-30 19:57:38 load certificate error.
2022-05-30 19:57:38 重连...
2022-05-30 19:57:40 load certificate error.
2022-05-30 19:57:40 重连...
2022-05-30 19:57:43 load certificate error.
2022-05-30 19:57:43 重连...
2022-05-30 19:57:45 load certificate error.
2022-05-30 19:57:45 重连...
2022-05-30 19:57:48 load certificate error.
2022-05-30 19:57:48 重连...
2022-05-30 19:57:50 load certificate error.
2022-05-30 19:57:50 重连...
2022-05-30 19:57:53 load certificate error.
2022-05-30 19:57:53 重连...
2022-05-30 19:57:55 load certificate error.
2022-05-30 19:57:55 重连...
2022-05-30 19:57:58 load certificate error.
2022-05-30 19:57:58 重连...
2022-05-30 19:58:00 load certificate error.
2022-05-30 19:58:00 重连...
2022-05-30 19:58:03 load certificate error.
2022-05-30 19:58:03 重连...
2022-05-30 19:58:05 load certificate error.
2022-05-30 19:58:05 重连...
2022-05-30 19:58:08 load certificate error.
2022-05-30 19:58:08 重连...
2022-05-30 19:58:10 load certificate error.
2022-05-30 19:58:10 重连...
2022-05-30 19:58:13 load certificate error.
2022-05-30 19:58:13 重连...
2022-05-30 19:58:15 load certificate error.
2022-05-30 19:58:15 重连...
2022-05-30 19:58:18 load certificate error.
2022-05-30 19:58:18 重连...
2022-05-30 19:58:20 load certificate error.
2022-05-30 19:58:20 重连...
2022-05-30 19:58:23 load certificate error.
2022-05-30 19:58:23 重连...
2022-05-30 19:58:25 load certificate error.
2022-05-30 19:58:25 重连...
2022-05-30 19:58:27 load certificate error.
2022-05-30 19:58:27 重连...
2022-05-30 19:58:30 load certificate error.
2022-05-30 19:58:30 重连...
2022-05-30 19:58:32 load certificate error.
2022-05-30 19:58:32 重连...
2022-05-30 19:58:35 load certificate error.
2022-05-30 19:58:35 重连...
2022-05-30 19:58:37 load certificate error.
2022-05-30 19:58:37 重连...
2022-05-30 19:58:40 load certificate error.
2022-05-30 19:58:40 重连...
2022-05-30 19:58:42 load certificate error.
2022-05-30 19:58:42 重连...
2022-05-30 19:58:45 load certificate error.
2022-05-30 19:58:45 重连...
2022-05-30 19:58:47 load certificate error.
2022-05-30 19:58:47 重连...
2022-05-30 19:58:50 load certificate error.
2022-05-30 19:58:50 重连...
2022-05-30 19:58:52 load certificate error.
2022-05-30 19:58:52 重连...
2022-05-30 19:58:55 load certificate error.
2022-05-30 19:58:55 重连...
2022-05-30 19:58:57 load certificate error.
2022-05-30 19:58:57 重连...
2022-05-30 19:59:00 load certificate error.
2022-05-30 19:59:00 重连...
2022-05-30 19:59:02 load certificate error.
2022-05-30 19:59:02 重连...
2022-05-30 19:59:05 load certificate error.
2022-05-30 19:59:05 重连...
2022-05-30 19:59:07 load certificate error.
2022-05-30 19:59:07 重连...
2022-05-30 19:59:10 load certificate error.
2022-05-30 19:59:10 重连...
2022-05-30 19:59:12 load certificate error.
2022-05-30 19:59:12 重连...
2022-05-30 19:59:14 load certificate error.
2022-05-30 19:59:14 重连...
2022-05-30 19:59:17 load certificate error.
2022-05-30 19:59:17 重连...
2022-05-30 19:59:19 load certificate error.
2022-05-30 19:59:19 重连...
2022-05-30 19:59:22 load certificate error.
2022-05-30 19:59:22 重连...
2022-05-30 19:59:24 load certificate error.
2022-05-30 19:59:24 重连...
2022-05-30 19:59:27 load certificate error.
2022-05-30 19:59:27 重连...
2022-05-30 19:59:29 load certificate error.
2022-05-30 19:59:29 重连...
2022-05-30 19:59:32 load certificate error.
2022-05-30 19:59:32 重连...
2022-05-30 19:59:34 load certificate error.
2022-05-30 19:59:34 重连...
2022-05-30 19:59:37 load certificate error.
2022-05-30 19:59:37 重连...
2022-05-30 19:59:39 load certificate error.
2022-05-30 19:59:39 重连...
2022-05-30 19:59:42 load certificate error.
2022-05-30 19:59:42 重连...
2022-05-30 19:59:44 load certificate error.
2022-05-30 19:59:44 重连...
2022-05-30 19:59:47 load certificate error.
2022-05-30 19:59:47 重连...
2022-05-30 19:59:49 load certificate error.
2022-05-30 19:59:49 重连...
2022-05-30 19:59:52 load certificate error.
2022-05-30 19:59:52 重连...
2022-05-30 19:59:54 load certificate error.
2022-05-30 19:59:54 重连...
2022-05-30 19:59:57 load certificate error.
2022-05-30 19:59:57 重连...
2022-05-30 19:59:59 load certificate error.
2022-05-30 19:59:59 重连...
2022-05-30 20:00:01 load certificate error.
2022-05-30 20:00:01 重连...
2022-05-30 20:00:04 load certificate error.
2022-05-30 20:00:04 重连...
2022-05-30 20:00:06 load certificate error.
2022-05-30 20:00:06 重连...
2022-05-30 20:00:09 load certificate error.
2022-05-30 20:00:09 重连...
2022-05-30 20:00:11 load certificate error.
2022-05-30 20:00:11 重连...
2022-05-30 20:00:14 load certificate error.
2022-05-30 20:00:14 重连...
2022-05-30 20:00:16 load certificate error.
2022-05-30 20:00:16 重连...
2022-05-30 20:00:19 load certificate error.
2022-05-30 20:00:19 重连...
2022-05-30 20:00:21 load certificate error.
2022-05-30 20:00:21 重连...
2022-05-30 20:00:24 load certificate error.
2022-05-30 20:00:24 重连...
2022-05-30 20:00:26 load certificate error.
2022-05-30 20:00:26 重连...
2022-05-30 20:00:29 load certificate error.
2022-05-30 20:00:29 重连...
2022-05-30 20:00:31 load certificate error.
2022-05-30 20:00:31 重连...
2022-05-30 20:00:34 load certificate error.
2022-05-30 20:00:34 重连...
2022-05-30 20:00:36 load certificate error.
2022-05-30 20:00:36 重连...
2022-05-30 20:00:39 load certificate error.
2022-05-30 20:00:39 重连...
2022-05-30 20:00:41 load certificate error.
2022-05-30 20:00:41 重连...
2022-05-30 20:00:44 load certificate error.
2022-05-30 20:00:44 重连...
2022-05-30 20:00:46 load certificate error.
2022-05-30 20:00:46 重连...
2022-05-30 20:00:49 load certificate error.
2022-05-30 20:00:49 重连...
2022-05-30 20:00:51 load certificate error.
2022-05-30 20:00:51 重连...
2022-05-30 20:00:54 load certificate error.
2022-05-30 20:00:54 重连...
2022-05-30 20:00:56 load certificate error.
2022-05-30 20:00:56 重连...
2022-05-30 20:00:59 load certificate error.
2022-05-30 20:00:59 重连...
2022-05-30 20:01:01 load certificate error.
2022-05-30 20:01:01 重连...
2022-05-30 20:01:04 load certificate error.
2022-05-30 20:01:04 重连...
2022-05-30 20:01:06 load certificate error.
2022-05-30 20:01:06 重连...
2022-05-30 20:01:08 load certificate error.
2022-05-30 20:01:08 重连...
2022-05-30 20:01:11 load certificate error.
2022-05-30 20:01:11 重连...
2022-05-30 20:01:13 load certificate error.
2022-05-30 20:01:13 重连...
2022-05-30 20:01:16 load certificate error.
2022-05-30 20:01:16 重连...
2022-05-30 20:01:18 load certificate error.
2022-05-30 20:01:18 重连...
2022-05-30 20:01:21 load certificate error.
2022-05-30 20:01:21 重连...
2022-05-30 20:01:23 load certificate error.
2022-05-30 20:01:23 重连...
2022-05-30 20:01:26 load certificate error.
2022-05-30 20:01:26 重连...
2022-05-30 20:01:28 load certificate error.
2022-05-30 20:01:28 重连...
2022-05-30 20:01:31 load certificate error.
2022-05-30 20:01:31 重连...
2022-05-30 20:01:33 load certificate error.
2022-05-30 20:01:33 重连...
2022-05-30 20:01:36 load certificate error.
2022-05-30 20:01:36 重连...
2022-05-30 20:01:38 load certificate error.
2022-05-30 20:01:38 重连...
2022-05-30 20:01:41 load certificate error.
2022-05-30 20:01:41 重连...
2022-05-30 20:01:43 load certificate error.
2022-05-30 20:01:43 重连...
2022-05-30 20:01:46 load certificate error.
2022-05-30 20:01:46 重连...
2022-05-30 20:01:48 load certificate error.
2022-05-30 20:01:48 重连...
2022-05-30 20:01:51 load certificate error.
2022-05-30 20:01:51 重连...
2022-05-30 20:01:53 load certificate error.
2022-05-30 20:01:53 重连...
2022-05-30 20:01:56 load certificate error.
2022-05-30 20:01:56 重连...
2022-05-30 20:01:58 load certificate error.
2022-05-30 20:01:58 重连...
2022-05-30 20:02:00 load certificate error.
2022-05-30 20:02:00 重连...
2022-05-30 20:02:03 load certificate error.
2022-05-30 20:02:03 重连...
2022-05-30 20:02:05 load certificate error.
2022-05-30 20:02:05 重连...
2022-05-30 20:02:08 load certificate error.
2022-05-30 20:02:08 重连...
2022-05-30 20:02:10 load certificate error.
2022-05-30 20:02:10 重连...
2022-05-30 20:02:13 load certificate error.
2022-05-30 20:02:13 重连...
2022-05-30 20:02:15 load certificate error.
2022-05-30 20:02:15 重连...
2022-05-30 20:02:18 load certificate error.
2022-05-30 20:02:18 重连...
2022-05-30 20:02:20 load certificate error.
2022-05-30 20:02:20 重连...
2022-05-30 20:02:23 load certificate error.
2022-05-30 20:02:23 重连...
2022-05-30 20:02:25 load certificate error.
2022-05-30 20:02:25 重连...
2022-05-30 20:02:28 load certificate error.
2022-05-30 20:02:28 重连...
2022-05-30 20:02:30 load certificate error.
2022-05-30 20:02:30 重连...
2022-05-30 20:02:33 load certificate error.
2022-05-30 20:02:33 重连...
2022-05-30 20:02:35 load certificate error.
2022-05-30 20:02:35 重连...
2022-05-30 20:02:38 load certificate error.
2022-05-30 20:02:38 重连...
2022-05-30 20:02:40 load certificate error.
2022-05-30 20:02:40 重连...
2022-05-30 20:02:43 load certificate error.
2022-05-30 20:02:43 重连...
2022-05-30 20:02:45 load certificate error.
2022-05-30 20:02:45 重连...
2022-05-30 20:02:48 load certificate error.
2022-05-30 20:02:48 重连...
2022-05-30 20:02:50 load certificate error.
2022-05-30 20:02:50 重连...
2022-05-30 20:02:53 load certificate error.
2022-05-30 20:02:53 重连...
2022-05-30 20:02:55 load certificate error.
2022-05-30 20:02:55 重连...
2022-05-30 20:02:57 load certificate error.
2022-05-30 20:02:57 重连...
2022-05-30 20:03:00 load certificate error.
2022-05-30 20:03:00 重连...
2022-05-30 20:03:02 load certificate error.
2022-05-30 20:03:02 重连...
2022-05-30 20:03:05 load certificate error.
2022-05-30 20:03:05 重连...
2022-05-30 20:03:07 load certificate error.
2022-05-30 20:03:07 重连...
2022-05-30 20:03:10 load certificate error.
2022-05-30 20:03:10 重连...
2022-05-30 20:03:12 load certificate error.
2022-05-30 20:03:12 重连...
2022-05-30 20:03:15 load certificate error.
2022-05-30 20:03:15 重连...
2022-05-30 20:03:17 load certificate error.
2022-05-30 20:03:17 重连...
2022-05-30 20:03:20 load certificate error.
2022-05-30 20:03:20 重连...
2022-05-30 20:03:22 load certificate error.
2022-05-30 20:03:22 重连...
2022-05-30 20:03:25 load certificate error.
2022-05-30 20:03:25 重连...
2022-05-30 20:03:27 load certificate error.
2022-05-30 20:03:27 重连...
2022-05-30 20:03:30 load certificate error.
2022-05-30 20:03:30 重连...
2022-05-30 20:03:32 load certificate error.
2022-05-30 20:03:32 重连...
2022-05-30 20:03:35 load certificate error.
2022-05-30 20:03:35 重连...
2022-05-30 20:03:37 load certificate error.
2022-05-30 20:03:37 重连...
2022-05-30 20:03:40 load certificate error.
2022-05-30 20:03:40 重连...
2022-05-30 20:03:42 load certificate error.
2022-05-30 20:03:42 重连...
2022-05-30 20:03:45 load certificate error.
2022-05-30 20:03:45 重连...
2022-05-30 20:03:47 load certificate error.
2022-05-30 20:03:47 重连...
2022-05-30 20:03:50 load certificate error.
2022-05-30 20:03:50 重连...
2022-05-30 20:03:52 load certificate error.
2022-05-30 20:03:52 重连...
2022-05-30 20:03:55 load certificate error.
2022-05-30 20:03:55 重连...
2022-05-30 20:03:57 load certificate error.
2022-05-30 20:03:57 重连...
2022-05-30 20:03:59 load certificate error.
2022-05-30 20:03:59 重连...
2022-05-30 20:04:02 load certificate error.
2022-05-30 20:04:02 重连...
2022-05-30 20:04:04 load certificate error.
2022-05-30 20:04:04 重连...
2022-05-30 20:04:07 load certificate error.
2022-05-30 20:04:07 重连...
2022-05-30 20:04:09 load certificate error.
2022-05-30 20:04:09 重连...
2022-05-30 20:04:12 load certificate error.
2022-05-30 20:04:12 重连...
2022-05-30 20:04:14 load certificate error.
2022-05-30 20:04:14 重连...
2022-05-30 20:04:17 load certificate error.
2022-05-30 20:04:17 重连...
2022-05-30 20:04:19 load certificate error.
2022-05-30 20:04:19 重连...
2022-05-30 20:04:22 load certificate error.
2022-05-30 20:04:22 重连...
2022-05-30 20:04:24 load certificate error.
2022-05-30 20:04:24 重连...
2022-05-30 20:04:27 load certificate error.
2022-05-30 20:04:27 重连...
2022-05-30 20:04:29 load certificate error.
2022-05-30 20:04:29 重连...
2022-05-30 20:04:32 load certificate error.
2022-05-30 20:04:32 重连...
2022-05-30 20:04:34 load certificate error.
2022-05-30 20:04:34 重连...
2022-05-30 20:04:37 load certificate error.
2022-05-30 20:04:37 重连...
2022-05-30 20:04:39 load certificate error.
2022-05-30 20:04:39 重连...
2022-05-30 20:04:42 load certificate error.
2022-05-30 20:04:42 重连...
2022-05-30 20:04:44 load certificate error.
2022-05-30 20:04:44 重连...
2022-05-30 20:04:47 load certificate error.
2022-05-30 20:04:47 重连...
2022-05-30 20:04:49 load certificate error.
2022-05-30 20:04:49 重连...
2022-05-30 20:04:52 load certificate error.
2022-05-30 20:04:52 重连...
2022-05-30 20:04:54 load certificate error.
2022-05-30 20:04:54 重连...
2022-05-30 20:04:56 load certificate error.
2022-05-30 20:04:56 重连...
2022-05-30 20:04:59 load certificate error.
2022-05-30 20:04:59 重连...
2022-05-30 20:05:02 load certificate error.
2022-05-30 20:05:02 重连...
2022-05-30 20:05:04 load certificate error.
2022-05-30 20:05:04 重连...
2022-05-30 20:05:07 load certificate error.
2022-05-30 20:05:07 重连...
2022-05-30 20:05:09 load certificate error.
2022-05-30 20:05:09 重连...
2022-05-30 20:05:11 load certificate error.
2022-05-30 20:05:11 重连...
2022-05-30 20:05:14 load certificate error.
2022-05-30 20:05:14 重连...
2022-05-30 20:05:16 load certificate error.
2022-05-30 20:05:16 重连...
2022-05-30 20:05:19 load certificate error.
2022-05-30 20:05:19 重连...
2022-05-30 20:05:21 load certificate error.
2022-05-30 20:05:21 重连...
2022-05-30 20:05:24 load certificate error.
2022-05-30 20:05:24 重连...
2022-05-30 20:05:26 load certificate error.
2022-05-30 20:05:26 重连...
2022-05-30 20:05:29 load certificate error.
2022-05-30 20:05:29 重连...
2022-05-30 20:05:31 load certificate error.
2022-05-30 20:05:31 重连...
2022-05-30 20:05:34 load certificate error.
2022-05-30 20:05:34 重连...
2022-05-30 20:05:36 load certificate error.
2022-05-30 20:05:36 重连...
2022-05-30 20:05:39 load certificate error.
2022-05-30 20:05:39 重连...
2022-05-30 20:05:41 load certificate error.
2022-05-30 20:05:41 重连...
2022-05-30 20:05:44 load certificate error.
2022-05-30 20:05:44 重连...
2022-05-30 20:05:46 load certificate error.
2022-05-30 20:05:46 重连...
2022-05-30 20:05:49 load certificate error.
2022-05-30 20:05:49 重连...
2022-05-30 20:05:51 load certificate error.
2022-05-30 20:05:51 重连...
2022-05-30 20:05:53 load certificate error.
2022-05-30 20:05:53 重连...
2022-05-30 20:05:56 load certificate error.
2022-05-30 20:05:56 重连...
2022-05-30 20:05:58 load certificate error.
2022-05-30 20:05:58 重连...
2022-05-30 20:06:01 load certificate error.
2022-05-30 20:06:01 重连...
2022-05-30 20:06:03 load certificate error.
2022-05-30 20:06:03 重连...
2022-05-30 20:06:06 load certificate error.
2022-05-30 20:06:06 重连...
2022-05-30 20:06:08 load certificate error.
2022-05-30 20:06:08 重连...
2022-05-30 20:06:11 load certificate error.
2022-05-30 20:06:11 重连...
2022-05-30 20:06:13 load certificate error.
2022-05-30 20:06:13 重连...
2022-05-30 20:06:16 load certificate error.
2022-05-30 20:06:16 重连...
2022-05-30 20:06:18 load certificate error.
2022-05-30 20:06:18 重连...
2022-05-30 20:06:21 load certificate error.
2022-05-30 20:06:21 重连...
2022-05-30 20:06:23 load certificate error.
2022-05-30 20:06:23 重连...
2022-05-30 20:06:26 load certificate error.
2022-05-30 20:06:26 重连...
2022-05-30 20:06:28 load certificate error.
2022-05-30 20:06:28 重连...
2022-05-30 20:06:31 load certificate error.
2022-05-30 20:06:31 重连...
2022-05-30 20:06:33 load certificate error.
2022-05-30 20:06:33 重连...
2022-05-30 20:06:36 load certificate error.
2022-05-30 20:06:36 重连...
2022-05-30 20:06:38 load certificate error.
2022-05-30 20:06:38 重连...
2022-05-30 20:06:41 load certificate error.
2022-05-30 20:06:41 重连...
2022-05-30 20:06:43 load certificate error.
2022-05-30 20:06:43 重连...
2022-05-30 20:06:45 load certificate error.
2022-05-30 20:06:45 重连...
2022-05-30 20:06:48 load certificate error.
2022-05-30 20:06:48 重连...
2022-05-30 20:06:50 load certificate error.
2022-05-30 20:06:50 重连...
2022-05-30 20:06:53 load certificate error.
2022-05-30 20:06:53 重连...
2022-05-30 20:06:55 load certificate error.
2022-05-30 20:06:55 重连...
2022-05-30 20:06:58 load certificate error.
2022-05-30 20:06:58 重连...
2022-05-30 20:07:00 load certificate error.
2022-05-30 20:07:00 重连...
2022-05-30 20:07:03 load certificate error.
2022-05-30 20:07:03 重连...
2022-05-30 20:07:05 load certificate error.
2022-05-30 20:07:05 重连...
2022-05-30 20:07:08 load certificate error.
2022-05-30 20:07:08 重连...
2022-05-30 20:07:10 load certificate error.
2022-05-30 20:07:10 重连...
2022-05-30 20:07:13 load certificate error.
2022-05-30 20:07:13 重连...
2022-05-30 20:07:15 load certificate error.
2022-05-30 20:07:15 重连...
2022-05-30 20:07:18 load certificate error.
2022-05-30 20:07:18 重连...
2022-05-30 20:07:20 load certificate error.
2022-05-30 20:07:20 重连...
2022-05-30 20:07:23 load certificate error.
2022-05-30 20:07:23 重连...
2022-05-30 20:07:25 load certificate error.
2022-05-30 20:07:25 重连...
2022-05-30 20:07:28 load certificate error.
2022-05-30 20:07:28 重连...
2022-05-30 20:07:30 load certificate error.
2022-05-30 20:07:30 重连...
2022-05-30 20:07:33 load certificate error.
2022-05-30 20:07:33 重连...
2022-05-30 20:07:35 load certificate error.
2022-05-30 20:07:35 重连...
2022-05-30 20:07:38 load certificate error.
2022-05-30 20:07:38 重连...
2022-05-30 20:07:40 load certificate error.
2022-05-30 20:07:40 重连...
2022-05-30 20:07:43 load certificate error.
2022-05-30 20:07:43 重连...
2022-05-30 20:07:45 load certificate error.
2022-05-30 20:07:45 重连...
2022-05-30 20:07:47 load certificate error.
2022-05-30 20:07:47 重连...
2022-05-30 20:07:50 load certificate error.
2022-05-30 20:07:50 重连...
2022-05-30 20:07:52 load certificate error.
2022-05-30 20:07:52 重连...
2022-05-30 20:07:55 load certificate error.
2022-05-30 20:07:55 重连...
2022-05-30 20:07:57 load certificate error.
2022-05-30 20:07:57 重连...
2022-05-30 20:08:00 load certificate error.
2022-05-30 20:08:00 重连...
2022-05-30 20:08:02 load certificate error.
2022-05-30 20:08:02 重连...
2022-05-30 20:08:05 load certificate error.
2022-05-30 20:08:05 重连...
2022-05-30 20:08:08 load certificate error.
2022-05-30 20:08:08 重连...
2022-05-30 20:08:10 load certificate error.
2022-05-30 20:08:10 重连...
2022-05-30 20:08:13 load certificate error.
2022-05-30 20:08:13 重连...
2022-05-30 20:08:15 load certificate error.
2022-05-30 20:08:15 重连...
2022-05-30 20:08:18 load certificate error.
2022-05-30 20:08:18 重连...
2022-05-30 20:08:20 load certificate error.
2022-05-30 20:08:20 重连...
2022-05-30 20:08:22 load certificate error.
2022-05-30 20:08:22 重连...
2022-05-30 20:08:25 load certificate error.
2022-05-30 20:08:25 重连...
2022-05-30 20:08:27 load certificate error.
2022-05-30 20:08:27 重连...
2022-05-30 20:08:30 load certificate error.
2022-05-30 20:08:30 重连...
2022-05-30 20:08:32 load certificate error.
2022-05-30 20:08:32 重连...
2022-05-30 20:08:35 load certificate error.
2022-05-30 20:08:35 重连...
2022-05-30 20:08:37 load certificate error.
2022-05-30 20:08:37 重连...
2022-05-30 20:08:40 load certificate error.
2022-05-30 20:08:40 重连...
2022-05-30 20:08:42 load certificate error.
2022-05-30 20:08:42 重连...
2022-05-30 20:08:45 load certificate error.
2022-05-30 20:08:45 重连...
2022-05-30 20:08:47 load certificate error.
2022-05-30 20:08:47 重连...
2022-05-30 20:08:50 load certificate error.
2022-05-30 20:08:50 重连...
2022-05-30 20:08:52 load certificate error.
2022-05-30 20:08:52 重连...
2022-05-30 20:08:55 load certificate error.
2022-05-30 20:08:55 重连...
2022-05-30 20:08:57 load certificate error.
2022-05-30 20:08:57 重连...
2022-05-30 20:09:00 load certificate error.
2022-05-30 20:09:00 重连...
2022-05-30 20:09:02 load certificate error.
2022-05-30 20:09:02 重连...
2022-05-30 20:09:05 load certificate error.
2022-05-30 20:09:05 重连...
2022-05-30 20:09:07 load certificate error.
2022-05-30 20:09:07 重连...
2022-05-30 20:09:10 load certificate error.
2022-05-30 20:09:10 重连...
2022-05-30 20:09:12 load certificate error.
2022-05-30 20:09:12 重连...
2022-05-30 20:09:15 load certificate error.
2022-05-30 20:09:15 重连...
2022-05-30 20:09:17 load certificate error.
2022-05-30 20:09:17 重连...
2022-05-30 20:09:20 load certificate error.
2022-05-30 20:09:20 重连...
2022-05-30 20:09:22 load certificate error.
2022-05-30 20:09:22 重连...
2022-05-30 20:09:25 load certificate error.
2022-05-30 20:09:25 重连...
2022-05-30 20:09:27 load certificate error.
2022-05-30 20:09:27 重连...
2022-05-30 20:09:29 load certificate error.
2022-05-30 20:09:29 重连...
2022-05-30 20:09:32 load certificate error.
2022-05-30 20:09:32 重连...
2022-05-30 20:09:34 load certificate error.
2022-05-30 20:09:34 重连...
2022-05-30 20:09:37 load certificate error.
2022-05-30 20:09:37 重连...
2022-05-30 20:09:39 load certificate error.
2022-05-30 20:09:39 重连...
2022-05-30 20:09:42 load certificate error.
2022-05-30 20:09:42 重连...
2022-05-30 20:09:44 load certificate error.
2022-05-30 20:09:44 重连...
2022-05-30 20:09:47 load certificate error.
2022-05-30 20:09:47 重连...
2022-05-30 20:09:49 load certificate error.
2022-05-30 20:09:49 重连...
2022-05-30 20:09:52 load certificate error.
2022-05-30 20:09:52 重连...
2022-05-30 20:09:54 load certificate error.
2022-05-30 20:09:54 重连...
2022-05-30 20:09:57 load certificate error.
2022-05-30 20:09:57 重连...
2022-05-30 20:09:59 load certificate error.
2022-05-30 20:09:59 重连...
2022-05-30 20:10:02 load certificate error.
2022-05-30 20:10:02 重连...
2022-05-30 20:10:04 load certificate error.
2022-05-30 20:10:04 重连...
2022-05-30 20:10:07 load certificate error.
2022-05-30 20:10:07 重连...
2022-05-30 20:10:09 load certificate error.
2022-05-30 20:10:09 重连...
2022-05-30 20:10:12 load certificate error.
2022-05-30 20:10:12 重连...
2022-05-30 20:10:14 load certificate error.
2022-05-30 20:10:14 重连...
2022-05-30 20:10:17 load certificate error.
2022-05-30 20:10:17 重连...
2022-05-30 20:10:19 load certificate error.
2022-05-30 20:10:19 重连...
2022-05-30 20:10:22 load certificate error.
2022-05-30 20:10:22 重连...
2022-05-30 20:10:24 load certificate error.
2022-05-30 20:10:24 重连...
2022-05-30 20:10:26 load certificate error.
2022-05-30 20:10:26 重连...
2022-05-30 20:10:29 load certificate error.
2022-05-30 20:10:29 重连...
2022-05-30 20:10:31 load certificate error.
2022-05-30 20:10:31 重连...
2022-05-30 20:10:34 load certificate error.
2022-05-30 20:10:34 重连...
2022-05-30 20:10:36 load certificate error.
2022-05-30 20:10:36 重连...
2022-05-30 20:10:39 load certificate error.
2022-05-30 20:10:39 重连...
2022-05-30 20:10:41 load certificate error.
2022-05-30 20:10:41 重连...
2022-05-30 20:10:44 load certificate error.
2022-05-30 20:10:44 重连...
2022-05-30 20:10:46 load certificate error.
2022-05-30 20:10:46 重连...
2022-05-30 20:10:49 load certificate error.
2022-05-30 20:10:49 重连...
2022-05-30 20:10:51 load certificate error.
2022-05-30 20:10:51 重连...
2022-05-30 20:10:54 load certificate error.
2022-05-30 20:10:54 重连...
2022-05-30 20:10:56 load certificate error.
2022-05-30 20:10:56 重连...
2022-05-30 20:10:59 load certificate error.
2022-05-30 20:10:59 重连...
