c:\users\administrator\desktop\project\5.5\workshop\lbd_videomeeting_meeting\lbd_videomeeting_meeting\debug\main.obj
c:\users\administrator\desktop\project\5.5\workshop\lbd_videomeeting_meeting\lbd_videomeeting_meeting\debug\lbd_videomeeting_meeting.obj
c:\users\administrator\desktop\project\5.5\workshop\lbd_videomeeting_meeting\lbd_videomeeting_meeting\debug\vc140.pdb
c:\users\administrator\desktop\project\5.5\workshop\lbd_videomeeting_meeting\lbd_videomeeting_meeting\debug\moc_lbd_videomeeting_meeting.obj
c:\users\administrator\desktop\project\5.5\workshop\lbd_videomeeting_meeting\lbd_videomeeting_meeting\debug\qrc_lbd_videomeeting_meeting.obj
c:\users\administrator\desktop\project\5.5\workshop\lbd_videomeeting_meeting\lbd_videomeeting_meeting\debug\uic\ui_lbd_videomeeting_meeting.h
c:\users\administrator\desktop\project\5.5\workshop\lbd_videomeeting_meeting\lbd_videomeeting_meeting\debug\uic\ui_list.h
c:\users\administrator\desktop\project\5.5\workshop\lbd_videomeeting_meeting\lbd_videomeeting_meeting\debug\rcc\qrc_lbd_videomeeting_meeting.cpp
c:\users\administrator\desktop\project\5.5\workshop\lbd_videomeeting_meeting\lbd_videomeeting_meeting\debug\moc\moc_lbd_videomeeting_meeting.cpp
c:\users\administrator\desktop\project\5.5\workshop\lbd_videomeeting_meeting\debug\lbd_videomeeting_meeting.pdb
c:\users\administrator\desktop\project\5.5\workshop\lbd_videomeeting_meeting\lbd_videomeeting_meeting\debug\lbd_vide.37631ae7.tlog\cl.command.1.tlog
c:\users\administrator\desktop\project\5.5\workshop\lbd_videomeeting_meeting\lbd_videomeeting_meeting\debug\lbd_vide.37631ae7.tlog\cl.read.1.tlog
c:\users\administrator\desktop\project\5.5\workshop\lbd_videomeeting_meeting\lbd_videomeeting_meeting\debug\lbd_vide.37631ae7.tlog\cl.write.1.tlog
c:\users\administrator\desktop\project\5.5\workshop\lbd_videomeeting_meeting\lbd_videomeeting_meeting\debug\lbd_vide.37631ae7.tlog\lbd_videomeeting_meeting.write.1u.tlog
c:\users\administrator\desktop\project\5.5\workshop\lbd_videomeeting_meeting\lbd_videomeeting_meeting\debug\lbd_vide.37631ae7.tlog\link-cvtres.read.1.tlog
c:\users\administrator\desktop\project\5.5\workshop\lbd_videomeeting_meeting\lbd_videomeeting_meeting\debug\lbd_vide.37631ae7.tlog\link-cvtres.write.1.tlog
c:\users\administrator\desktop\project\5.5\workshop\lbd_videomeeting_meeting\lbd_videomeeting_meeting\debug\lbd_vide.37631ae7.tlog\link-rc.read.1.tlog
c:\users\administrator\desktop\project\5.5\workshop\lbd_videomeeting_meeting\lbd_videomeeting_meeting\debug\lbd_vide.37631ae7.tlog\link-rc.write.1.tlog
c:\users\administrator\desktop\project\5.5\workshop\lbd_videomeeting_meeting\lbd_videomeeting_meeting\debug\lbd_vide.37631ae7.tlog\link.command.1.tlog
c:\users\administrator\desktop\project\5.5\workshop\lbd_videomeeting_meeting\lbd_videomeeting_meeting\debug\lbd_vide.37631ae7.tlog\link.read.1.tlog
c:\users\administrator\desktop\project\5.5\workshop\lbd_videomeeting_meeting\lbd_videomeeting_meeting\debug\lbd_vide.37631ae7.tlog\link.write.1.tlog
c:\users\administrator\desktop\project\5.5\workshop\lbd_videomeeting_meeting\lbd_videomeeting_meeting\debug\lbd_vide.37631ae7.tlog\moc.read.1u.tlog
c:\users\administrator\desktop\project\5.5\workshop\lbd_videomeeting_meeting\lbd_videomeeting_meeting\debug\lbd_vide.37631ae7.tlog\moc.write.1u.tlog
c:\users\administrator\desktop\project\5.5\workshop\lbd_videomeeting_meeting\lbd_videomeeting_meeting\debug\lbd_vide.37631ae7.tlog\rcc.read.1u.tlog
c:\users\administrator\desktop\project\5.5\workshop\lbd_videomeeting_meeting\lbd_videomeeting_meeting\debug\lbd_vide.37631ae7.tlog\rcc.write.1u.tlog
c:\users\administrator\desktop\project\5.5\workshop\lbd_videomeeting_meeting\lbd_videomeeting_meeting\debug\lbd_vide.37631ae7.tlog\uic.read.1u.tlog
c:\users\administrator\desktop\project\5.5\workshop\lbd_videomeeting_meeting\lbd_videomeeting_meeting\debug\lbd_vide.37631ae7.tlog\uic.write.1u.tlog
