c:\users\administrator\desktop\project\5.5\workshop\lbd_videomeeting_meeting\lbd_videomeeting_meeting\release\lbd_videomeeting_meeting.obj
c:\users\administrator\desktop\project\5.5\workshop\lbd_videomeeting_meeting\lbd_videomeeting_meeting\release\main.obj
c:\users\administrator\desktop\project\5.5\workshop\lbd_videomeeting_meeting\lbd_videomeeting_meeting\release\camitem.obj
c:\users\administrator\desktop\project\5.5\workshop\lbd_videomeeting_meeting\lbd_videomeeting_meeting\release\vc140.pdb
c:\users\administrator\desktop\project\5.5\workshop\lbd_videomeeting_meeting\lbd_videomeeting_meeting\release\moc_lbd_videomeeting_meeting.obj
c:\users\administrator\desktop\project\5.5\workshop\lbd_videomeeting_meeting\lbd_videomeeting_meeting\release\qrc_icons.obj
c:\users\administrator\desktop\project\5.5\workshop\lbd_videomeeting_meeting\lbd_videomeeting_meeting\release\moc_items.obj
c:\users\administrator\desktop\project\5.5\workshop\lbd_videomeeting_meeting\lbd_videomeeting_meeting\release\moc_camitem.obj
c:\users\administrator\desktop\project\5.5\workshop\lbd_videomeeting_meeting\lbd_videomeeting_meeting\release\uic\ui_camitem.h
c:\users\administrator\desktop\project\5.5\workshop\lbd_videomeeting_meeting\lbd_videomeeting_meeting\release\uic\ui_lbd_videomeeting_meeting.h
c:\users\administrator\desktop\project\5.5\workshop\lbd_videomeeting_meeting\lbd_videomeeting_meeting\release\uic\ui_listitem.h
c:\users\administrator\desktop\project\5.5\workshop\lbd_videomeeting_meeting\lbd_videomeeting_meeting\release\uic\ui_nameitem.h
c:\users\administrator\desktop\project\5.5\workshop\lbd_videomeeting_meeting\lbd_videomeeting_meeting\release\uic\ui_quit.h
c:\users\administrator\desktop\project\5.5\workshop\lbd_videomeeting_meeting\lbd_videomeeting_meeting\release\uic\ui_tnameitem.h
c:\users\administrator\desktop\project\5.5\workshop\lbd_videomeeting_meeting\lbd_videomeeting_meeting\release\rcc\qrc_icons.cpp
c:\users\administrator\desktop\project\5.5\workshop\lbd_videomeeting_meeting\lbd_videomeeting_meeting\release\moc\moc_lbd_videomeeting_meeting.cpp
c:\users\administrator\desktop\project\5.5\workshop\lbd_videomeeting_meeting\lbd_videomeeting_meeting\release\moc\moc_items.cpp
c:\users\administrator\desktop\project\5.5\workshop\lbd_videomeeting_meeting\lbd_videomeeting_meeting\release\moc\moc_camitem.cpp
c:\users\administrator\desktop\project\5.5\workshop\lbd_videomeeting_meeting\release\lbd_videomeeting_meeting.ilk
c:\users\administrator\desktop\project\5.5\workshop\lbd_videomeeting_meeting\release\lbd_videomeeting_meeting.exe
c:\users\administrator\desktop\project\5.5\workshop\lbd_videomeeting_meeting\release\lbd_videomeeting_meeting.pdb
c:\users\administrator\desktop\project\5.5\workshop\lbd_videomeeting_meeting\lbd_videomeeting_meeting\release\lbd_videomeeting_meeting.res
c:\users\administrator\desktop\project\5.5\workshop\lbd_videomeeting_meeting\lbd_videomeeting_meeting\release\lbd_vide.37631ae7.tlog\cl.command.1.tlog
c:\users\administrator\desktop\project\5.5\workshop\lbd_videomeeting_meeting\lbd_videomeeting_meeting\release\lbd_vide.37631ae7.tlog\cl.read.1.tlog
c:\users\administrator\desktop\project\5.5\workshop\lbd_videomeeting_meeting\lbd_videomeeting_meeting\release\lbd_vide.37631ae7.tlog\cl.write.1.tlog
c:\users\administrator\desktop\project\5.5\workshop\lbd_videomeeting_meeting\lbd_videomeeting_meeting\release\lbd_vide.37631ae7.tlog\lbd_videomeeting_meeting.write.1u.tlog
c:\users\administrator\desktop\project\5.5\workshop\lbd_videomeeting_meeting\lbd_videomeeting_meeting\release\lbd_vide.37631ae7.tlog\link.command.1.tlog
c:\users\administrator\desktop\project\5.5\workshop\lbd_videomeeting_meeting\lbd_videomeeting_meeting\release\lbd_vide.37631ae7.tlog\link.read.1.tlog
c:\users\administrator\desktop\project\5.5\workshop\lbd_videomeeting_meeting\lbd_videomeeting_meeting\release\lbd_vide.37631ae7.tlog\link.write.1.tlog
c:\users\administrator\desktop\project\5.5\workshop\lbd_videomeeting_meeting\lbd_videomeeting_meeting\release\lbd_vide.37631ae7.tlog\moc.read.1u.tlog
c:\users\administrator\desktop\project\5.5\workshop\lbd_videomeeting_meeting\lbd_videomeeting_meeting\release\lbd_vide.37631ae7.tlog\moc.write.1u.tlog
c:\users\administrator\desktop\project\5.5\workshop\lbd_videomeeting_meeting\lbd_videomeeting_meeting\release\lbd_vide.37631ae7.tlog\rc.command.1.tlog
c:\users\administrator\desktop\project\5.5\workshop\lbd_videomeeting_meeting\lbd_videomeeting_meeting\release\lbd_vide.37631ae7.tlog\rc.read.1.tlog
c:\users\administrator\desktop\project\5.5\workshop\lbd_videomeeting_meeting\lbd_videomeeting_meeting\release\lbd_vide.37631ae7.tlog\rc.write.1.tlog
c:\users\administrator\desktop\project\5.5\workshop\lbd_videomeeting_meeting\lbd_videomeeting_meeting\release\lbd_vide.37631ae7.tlog\rcc.read.1u.tlog
c:\users\administrator\desktop\project\5.5\workshop\lbd_videomeeting_meeting\lbd_videomeeting_meeting\release\lbd_vide.37631ae7.tlog\rcc.write.1u.tlog
c:\users\administrator\desktop\project\5.5\workshop\lbd_videomeeting_meeting\lbd_videomeeting_meeting\release\lbd_vide.37631ae7.tlog\uic.read.1u.tlog
c:\users\administrator\desktop\project\5.5\workshop\lbd_videomeeting_meeting\lbd_videomeeting_meeting\release\lbd_vide.37631ae7.tlog\uic.write.1u.tlog
